[debug] [2023-04-19T15:26:04.598Z] ----------------------------------------------------------------------
[debug] [2023-04-19T15:26:04.601Z] Command:       C:\Program Files\nodejs\node.exe C:\Users\lucas\AppData\Roaming\npm\node_modules\firebase-tools\lib\bin\firebase.js init
[debug] [2023-04-19T15:26:04.601Z] CLI Version:   11.28.0
[debug] [2023-04-19T15:26:04.601Z] Platform:      win32
[debug] [2023-04-19T15:26:04.601Z] Node Version:  v16.13.1
[debug] [2023-04-19T15:26:04.602Z] Time:          Wed Apr 19 2023 17:26:04 GMT+0200 (Central European Summer Time)
[debug] [2023-04-19T15:26:04.603Z] ----------------------------------------------------------------------
[debug] 
[debug] [2023-04-19T15:26:04.668Z] > command requires scopes: ["email","openid","https://www.googleapis.com/auth/cloudplatformprojects.readonly","https://www.googleapis.com/auth/firebase","https://www.googleapis.com/auth/cloud-platform"]
[debug] [2023-04-19T15:26:04.668Z] > authorizing via signed-in user (info.utilesolutions@gmail.com)
[info] 
     ######## #### ########  ######## ########     ###     ######  ########
     ##        ##  ##     ## ##       ##     ##  ##   ##  ##       ##
     ######    ##  ########  ######   ########  #########  ######  ######
     ##        ##  ##    ##  ##       ##     ## ##     ##       ## ##
     ##       #### ##     ## ######## ########  ##     ##  ######  ########

You're about to initialize a Firebase project in this directory:

  C:\Users\lucas\Desktop\Utile_Solutions\CodeExamples\quiz-app\quizApp\quiz-app

Before we get started, keep in mind:

  * You are initializing within an existing Firebase project directory

